#
# There is insufficient memory for the Java Runtime Environment to continue.
# Native memory allocation (mmap) failed to map 134217728 bytes for Failed to commit area from 0x0000000081e00000 to 0x0000000089e00000 of length 134217728.
# Possible reasons:
#   The system is out of physical RAM or swap space
#   The process is running with CompressedOops enabled, and the Java Heap may be blocking the growth of the native heap
# Possible solutions:
#   Reduce memory load on the system
#   Increase physical memory or swap space
#   Check if swap backing store is full
#   Decrease Java heap size (-Xmx/-Xms)
#   Decrease number of Java threads
#   Decrease Java thread stack sizes (-Xss)
#   Set larger code cache with -XX:ReservedCodeCacheSize=
# This output file may be truncated or incomplete.
#
#  Out of Memory Error (./src/hotspot/os/windows/os_windows.cpp:3303), pid=9600, tid=22248
#
# JRE version:  (11.0.9.1+11) (build )
# Java VM: OpenJDK 64-Bit Server VM (11.0.9.1+11-b1145.77, mixed mode, sharing, tiered, compressed oops, g1 gc, windows-amd64)
# No core dump will be written. Minidumps are not enabled by default on client versions of Windows
#

---------------  S U M M A R Y ------------

Command Line: -Djava.rmi.server.hostname=127.0.0.1 -Duser.timezone=UTC -Xmx2018m -Xms128m -Dfile.encoding=UTF-8 com.intellij.database.remote.RemoteJdbcServer com.mysql.cj.jdbc.Driver

Host: Intel(R) Core(TM) i7-10750H CPU @ 2.60GHz, 12 cores, 15G,  Windows 10 , 64 bit Build 19041 (10.0.19041.1503)
Time: Thu Feb 24 15:45:50 2022 中国标准时间 elapsed time: 0.011221 seconds (0d 0h 0m 0s)

---------------  T H R E A D  ---------------

Current thread (0x000001f341339000):  JavaThread "Unknown thread" [_thread_in_vm, id=22248, stack(0x00000045a3600000,0x00000045a3700000)]

Stack: [0x00000045a3600000,0x00000045a3700000]
Native frames: (J=compiled Java code, j=interpreted, Vv=VM code, C=native code)
V  [jvm.dll+0x5edd9a]
V  [jvm.dll+0x7229c5]
V  [jvm.dll+0x723f1d]
V  [jvm.dll+0x7245d3]
V  [jvm.dll+0x2431b8]
V  [jvm.dll+0x5eb234]
V  [jvm.dll+0x5e0325]
V  [jvm.dll+0x2fe60b]
V  [jvm.dll+0x2fe57a]
V  [jvm.dll+0x2fe452]
V  [jvm.dll+0x303346]
V  [jvm.dll+0x34ba83]
V  [jvm.dll+0x34c186]
V  [jvm.dll+0x34bb83]
V  [jvm.dll+0x2d9218]
V  [jvm.dll+0x2da3c7]
V  [jvm.dll+0x701a67]
V  [jvm.dll+0x70325c]
V  [jvm.dll+0x359049]
V  [jvm.dll+0x6e552e]
V  [jvm.dll+0x3c1353]
V  [jvm.dll+0x3c3571]
C  [jli.dll+0x5373]
C  [ucrtbase.dll+0x21bb2]
C  [KERNEL32.DLL+0x17034]
C  [ntdll.dll+0x52651]


---------------  P R O C E S S  ---------------

Threads class SMR info:
_java_thread_list=0x000001f33f88ea10, length=0, elements={
}

Java Threads: ( => current thread )

Other Threads:
  0x000001f341350000 GCTaskThread "GC Thread#0" [stack: 0x00000045a3700000,0x00000045a3800000] [id=9812]
  0x000001f341381800 ConcurrentGCThread "G1 Main Marker" [stack: 0x00000045a3800000,0x00000045a3900000] [id=8960]
  0x000001f341383800 ConcurrentGCThread "G1 Conc#0" [stack: 0x00000045a3900000,0x00000045a3a00000] [id=15324]

[error occurred during error reporting (printing all threads), id 0xc0000005, EXCEPTION_ACCESS_VIOLATION (0xc0000005) at pc=0x00007ffeb1809807]

VM state:not at safepoint (not fully initialized)

VM Mutex/Monitor currently owned by a thread:  ([mutex/lock_event])
[0x000001f341335680] Heap_lock - owner thread: 0x000001f341339000

Heap address: 0x0000000081e00000, size: 2018 MB, Compressed Oops mode: Non-zero based: 0x0000000081e00000
Narrow klass base: 0x0000000000000000, Narrow klass shift: 0

GC Heap History (0 events):
No events

Deoptimization events (0 events):
No events

Classes redefined (0 events):
No events

Internal exceptions (0 events):
No events

Events (1 events):
Event: 0.005 Loaded shared library E:\IntelliJ IDEA 2020.3.2\jbr\bin\zip.dll


Dynamic libraries:
0x00007ff722510000 - 0x00007ff72251a000 	E:\IntelliJ IDEA 2020.3.2\jbr\bin\java.exe
0x00007fff21eb0000 - 0x00007fff220a5000 	C:\WINDOWS\SYSTEM32\ntdll.dll
0x00007fff209a0000 - 0x00007fff20a5e000 	C:\WINDOWS\System32\KERNEL32.DLL
0x00007fff1f9d0000 - 0x00007fff1fc98000 	C:\WINDOWS\System32\KERNELBASE.dll
0x00007fff1fd50000 - 0x00007fff1fe50000 	C:\WINDOWS\System32\ucrtbase.dll
0x00007fff149c0000 - 0x00007fff149d9000 	E:\IntelliJ IDEA 2020.3.2\jbr\bin\jli.dll
0x00007fff149a0000 - 0x00007fff149b7000 	E:\IntelliJ IDEA 2020.3.2\jbr\bin\VCRUNTIME140.dll
0x00007fff1ff00000 - 0x00007fff200a0000 	C:\WINDOWS\System32\USER32.dll
0x00007fff1fd20000 - 0x00007fff1fd42000 	C:\WINDOWS\System32\win32u.dll
0x00007fff07a20000 - 0x00007fff07cba000 	C:\WINDOWS\WinSxS\amd64_microsoft.windows.common-controls_6595b64144ccf1df_6.0.19041.1110_none_60b5254171f9507e\COMCTL32.dll
0x00007fff21e40000 - 0x00007fff21e6b000 	C:\WINDOWS\System32\GDI32.dll
0x00007fff21da0000 - 0x00007fff21e3e000 	C:\WINDOWS\System32\msvcrt.dll
0x00007fff1f630000 - 0x00007fff1f73d000 	C:\WINDOWS\System32\gdi32full.dll
0x00007fff1f930000 - 0x00007fff1f9cd000 	C:\WINDOWS\System32\msvcp_win.dll
0x00007fff218d0000 - 0x00007fff21900000 	C:\WINDOWS\System32\IMM32.DLL
0x00007fff03e50000 - 0x00007fff03eed000 	E:\IntelliJ IDEA 2020.3.2\jbr\bin\msvcp140.dll
0x00007ffeb1520000 - 0x00007ffeb1fee000 	E:\IntelliJ IDEA 2020.3.2\jbr\bin\server\jvm.dll
0x00007fff201a0000 - 0x00007fff2024e000 	C:\WINDOWS\System32\ADVAPI32.dll
0x00007fff200a0000 - 0x00007fff2013c000 	C:\WINDOWS\System32\sechost.dll
0x00007fff20a60000 - 0x00007fff20b85000 	C:\WINDOWS\System32\RPCRT4.dll
0x00007fff20d40000 - 0x00007fff20d48000 	C:\WINDOWS\System32\PSAPI.DLL
0x00007fff06440000 - 0x00007fff06449000 	C:\WINDOWS\SYSTEM32\WSOCK32.dll
0x00007fff02f00000 - 0x00007fff02f27000 	C:\WINDOWS\SYSTEM32\WINMM.dll
0x00007fff15f70000 - 0x00007fff15f7a000 	C:\WINDOWS\SYSTEM32\VERSION.dll
0x00007fff20d50000 - 0x00007fff20dbb000 	C:\WINDOWS\System32\WS2_32.dll
0x00007fff1de90000 - 0x00007fff1dea2000 	C:\WINDOWS\SYSTEM32\kernel.appcore.dll
0x00007fff14650000 - 0x00007fff14661000 	E:\IntelliJ IDEA 2020.3.2\jbr\bin\verify.dll
0x00007fff1db40000 - 0x00007fff1dd24000 	C:\WINDOWS\SYSTEM32\DBGHELP.DLL
0x00007fff060f0000 - 0x00007fff0611c000 	C:\WINDOWS\SYSTEM32\dbgcore.DLL
0x00007fff1f8a0000 - 0x00007fff1f922000 	C:\WINDOWS\System32\bcryptPrimitives.dll
0x00007fff0a8e0000 - 0x00007fff0a909000 	E:\IntelliJ IDEA 2020.3.2\jbr\bin\java.dll
0x00007fff16660000 - 0x00007fff1666b000 	E:\IntelliJ IDEA 2020.3.2\jbr\bin\jimage.dll
0x00007fff0c160000 - 0x00007fff0c178000 	E:\IntelliJ IDEA 2020.3.2\jbr\bin\zip.dll

dbghelp: loaded successfully - version: 4.0.5 - missing functions: none
symbol engine: initialized successfully - sym options: 0x614 - pdb path: .;E:\IntelliJ IDEA 2020.3.2\jbr\bin;C:\WINDOWS\SYSTEM32;C:\WINDOWS\WinSxS\amd64_microsoft.windows.common-controls_6595b64144ccf1df_6.0.19041.1110_none_60b5254171f9507e;E:\IntelliJ IDEA 2020.3.2\jbr\bin\server

VM Arguments:
jvm_args: -Djava.rmi.server.hostname=127.0.0.1 -Duser.timezone=UTC -Xmx2018m -Xms128m -Dfile.encoding=UTF-8 
java_command: com.intellij.database.remote.RemoteJdbcServer com.mysql.cj.jdbc.Driver
java_class_path (initial): E:\IntelliJ IDEA 2020.3.2\lib\util.jar;E:\IntelliJ IDEA 2020.3.2\lib\trove4j.jar;E:\IntelliJ IDEA 2020.3.2\lib\groovy-2.5.11.jar;E:\IntelliJ IDEA 2020.3.2\plugins\DatabaseTools\lib\jdbc-console.jar;C:\Users\xain\AppData\Roaming\JetBrains\IntelliJIdea2020.3\jdbc-drivers\MySQL ConnectorJ\8.0.25\mysql-connector-java-8.0.25.jar
Launcher Type: SUN_STANDARD

[Global flags]
     intx CICompilerCount                          = 4                                         {product} {ergonomic}
     uint ConcGCThreads                            = 3                                         {product} {ergonomic}
     uint G1ConcRefinementThreads                  = 10                                        {product} {ergonomic}
   size_t G1HeapRegionSize                         = 1048576                                   {product} {ergonomic}
    uintx GCDrainStackTargetSize                   = 64                                        {product} {ergonomic}
   size_t InitialHeapSize                          = 134217728                                 {product} {command line}
   size_t MarkStackSize                            = 4194304                                   {product} {ergonomic}
   size_t MaxHeapSize                              = 2116026368                                {product} {command line}
   size_t MinHeapDeltaBytes                        = 1048576                                   {product} {ergonomic}
    uintx NonNMethodCodeHeapSize                   = 5836300                                {pd product} {ergonomic}
    uintx NonProfiledCodeHeapSize                  = 122910970                              {pd product} {ergonomic}
    uintx ProfiledCodeHeapSize                     = 122910970                              {pd product} {ergonomic}
    uintx ReservedCodeCacheSize                    = 251658240                              {pd product} {ergonomic}
     bool SegmentedCodeCache                       = true                                      {product} {ergonomic}
     bool UseCompressedClassPointers               = true                                 {lp64_product} {ergonomic}
     bool UseCompressedOops                        = true                                 {lp64_product} {ergonomic}
     bool UseG1GC                                  = true                                      {product} {ergonomic}
     bool UseLargePagesIndividualAllocation        = false                                  {pd product} {ergonomic}

Logging:
Log output configuration:
 #0: stdout all=warning uptime,level,tags
 #1: stderr all=off uptime,level,tags

Environment Variables:
JAVA_HOME=C:\Program Files\Java\jdk1.8.0_241
PATH=C:\Program Files (x86)\Common Files\Oracle\Java\javapath;C:\WINDOWS\system32;C:\WINDOWS;C:\WINDOWS\System32\Wbem;C:\WINDOWS\System32\WindowsPowerShell\v1.0\;C:\WINDOWS\System32\OpenSSH\;C:\Program Files (x86)\dotnet\;C:\Program Files\Java\jdk1.8.0_241\bin;C:\Program Files\Java\jdk1.8.0_241\jre;E:\mysql-8.0.26-winx64\bin;C:\Program Files\Microsoft\Web Platform Installer\;C:\Program Files (x86)\Microsoft ASP.NET\ASP.NET Web Pages\v1.0\;C:\Program Files\Microsoft SQL Server\110\Tools\Binn\;C:\apache-tomcat-9.0.53-windows-x64\apache-tomcat-9.0.53\bin;C:\apache-tomcat-9.0.53-windows-x64\apache-tomcat-9.0.53\lib;C:\apache-maven-3.8.3-bin\apache-maven-3.8.3\bin;C:\Program Files (x86)\NVIDIA Corporation\PhysX\Common;E:\nginx-1.20.1;C:\Program Files\Git\cmd;C:\Node\;C:\Users\xain\AppData\Local\Microsoft\WindowsApps;C:\Program Files\Bandizip\;E:\WebStorm 2021.2.2\bin;;C:\Users\xain\AppData\Roaming\npm
USERNAME=现眼包
OS=Windows_NT
PROCESSOR_IDENTIFIER=Intel64 Family 6 Model 165 Stepping 2, GenuineIntel



---------------  S Y S T E M  ---------------

OS: Windows 10 , 64 bit Build 19041 (10.0.19041.1503)
OS uptime: 1 days 18:27 hours

CPU:total 12 (initial active 12) (6 cores per cpu, 2 threads per core) family 6 model 165 stepping 2, cmov, cx8, fxsr, mmx, sse, sse2, sse3, ssse3, sse4.1, sse4.2, popcnt, avx, avx2, aes, clmul, erms, 3dnowpref, lzcnt, ht, tsc, tscinvbit, bmi1, bmi2, adx, fma

Memory: 4k page, system-wide physical 16145M (1760M free)
TotalPageFile size 19217M (AvailPageFile size 41M)
current process WorkingSet (physical memory assigned to process): 10M, peak: 10M
current process commit charge ("private bytes"): 64M, peak: 191M

vm_info: OpenJDK 64-Bit Server VM (11.0.9.1+11-b1145.77) for windows-amd64 JRE (11.0.9.1+11-b1145.77), built on Jan 16 2021 05:14:13 by "" with MS VC++ 14.0 (VS2015)

END.
